                                               QUERY PLAN                                                
---------------------------------------------------------------------------------------------------------
 Aggregate  (cost=7.34..7.35 rows=1 width=8) (actual time=0.038..0.039 rows=1 loops=1)
   ->  Seq Scan on album  (cost=0.00..6.47 rows=347 width=0) (actual time=0.004..0.022 rows=347 loops=1)
 Planning Time: 0.654 ms
 Execution Time: 0.098 ms
(4 rows)

