                                                           QUERY PLAN                                                           
--------------------------------------------------------------------------------------------------------------------------------
 Nested Loop  (cost=4.16..12.75 rows=1 width=23) (actual time=0.014..0.031 rows=2 loops=1)
   ->  Seq Scan on artist t2  (cost=0.00..5.44 rows=1 width=4) (actual time=0.005..0.022 rows=1 loops=1)
         Filter: ((name)::text = 'AC/DC'::text)
         Rows Removed by Filter: 274
   ->  Bitmap Heap Scan on album t1  (cost=4.16..7.29 rows=2 width=27) (actual time=0.007..0.007 rows=2 loops=1)
         Recheck Cond: (artistid = t2.artistid)
         Heap Blocks: exact=1
         ->  Bitmap Index Scan on ifk_albumartistid  (cost=0.00..4.16 rows=2 width=0) (actual time=0.002..0.002 rows=2 loops=1)
               Index Cond: (artistid = t2.artistid)
 Planning Time: 1.164 ms
 Execution Time: 0.064 ms
(11 rows)

