                                                              QUERY PLAN                                                              
--------------------------------------------------------------------------------------------------------------------------------------
 Limit  (cost=21.44..21.44 rows=1 width=29) (actual time=0.294..0.295 rows=1 loops=1)
   ->  Sort  (cost=21.44..22.13 rows=275 width=29) (actual time=0.293..0.294 rows=1 loops=1)
         Sort Key: (count(*)) DESC
         Sort Method: top-N heapsort  Memory: 25kB
         ->  HashAggregate  (cost=17.31..20.06 rows=275 width=29) (actual time=0.232..0.258 rows=204 loops=1)
               Group Key: t2.name
               Batches: 1  Memory Usage: 61kB
               ->  Hash Join  (cost=8.19..15.58 rows=347 width=21) (actual time=0.087..0.159 rows=347 loops=1)
                     Hash Cond: (t1.artistid = t2.artistid)
                     ->  Seq Scan on album t1  (cost=0.00..6.47 rows=347 width=4) (actual time=0.004..0.022 rows=347 loops=1)
                     ->  Hash  (cost=4.75..4.75 rows=275 width=25) (actual time=0.071..0.071 rows=275 loops=1)
                           Buckets: 1024  Batches: 1  Memory Usage: 24kB
                           ->  Seq Scan on artist t2  (cost=0.00..4.75 rows=275 width=25) (actual time=0.003..0.025 rows=275 loops=1)
 Planning Time: 1.234 ms
 Execution Time: 0.376 ms
(15 rows)

