                                                 QUERY PLAN                                                 
------------------------------------------------------------------------------------------------------------
 Aggregate  (cost=88.79..88.80 rows=1 width=32) (actual time=0.584..0.584 rows=1 loops=1)
   ->  Seq Scan on track  (cost=0.00..80.03 rows=3503 width=5) (actual time=0.003..0.183 rows=3503 loops=1)
 Planning Time: 0.820 ms
 Execution Time: 0.638 ms
(4 rows)

