                                                  QUERY PLAN                                                   
---------------------------------------------------------------------------------------------------------------
 Aggregate  (cost=1.24..1.25 rows=1 width=8) (actual time=0.032..0.032 rows=1 loops=1)
   ->  Sort  (cost=1.20..1.22 rows=8 width=98) (actual time=0.026..0.027 rows=8 loops=1)
         Sort Key: city
         Sort Method: quicksort  Memory: 25kB
         ->  Seq Scan on employee  (cost=0.00..1.08 rows=8 width=98) (actual time=0.008..0.009 rows=8 loops=1)
 Planning Time: 0.569 ms
 Execution Time: 0.093 ms
(7 rows)

