                                                       QUERY PLAN                                                       
------------------------------------------------------------------------------------------------------------------------
 HashAggregate  (cost=14.17..14.22 rows=5 width=6) (actual time=0.094..0.095 rows=5 loops=1)
   Group Key: t1.firstname
   Batches: 1  Memory Usage: 24kB
   ->  Hash Join  (cost=2.80..14.08 rows=35 width=6) (actual time=0.035..0.086 rows=35 loops=1)
         Hash Cond: (t2.customerid = t1.customerid)
         ->  Seq Scan on invoice t2  (cost=0.00..10.12 rows=412 width=4) (actual time=0.005..0.027 rows=412 loops=1)
         ->  Hash  (cost=2.74..2.74 rows=5 width=10) (actual time=0.013..0.013 rows=5 loops=1)
               Buckets: 1024  Batches: 1  Memory Usage: 9kB
               ->  Seq Scan on customer t1  (cost=0.00..2.74 rows=5 width=10) (actual time=0.003..0.010 rows=5 loops=1)
                     Filter: ((country)::text = 'Brazil'::text)
                     Rows Removed by Filter: 54
 Planning Time: 1.153 ms
 Execution Time: 0.142 ms
(13 rows)

