                                            QUERY PLAN                                             
---------------------------------------------------------------------------------------------------
 Seq Scan on employee  (cost=0.00..1.08 rows=8 width=66) (actual time=0.009..0.011 rows=8 loops=1)
 Planning Time: 0.518 ms
 Execution Time: 0.035 ms
(3 rows)

