                                                              QUERY PLAN                                                              
--------------------------------------------------------------------------------------------------------------------------------------
 HashSetOp Except  (cost=0.00..31.21 rows=275 width=262) (actual time=0.357..0.366 rows=71 loops=1)
   ->  Append  (cost=0.00..29.66 rows=622 width=262) (actual time=0.006..0.258 rows=622 loops=1)
         ->  Subquery Scan on "*SELECT* 1"  (cost=0.00..7.50 rows=275 width=25) (actual time=0.005..0.043 rows=275 loops=1)
               ->  Seq Scan on artist  (cost=0.00..4.75 rows=275 width=21) (actual time=0.004..0.022 rows=275 loops=1)
         ->  Subquery Scan on "*SELECT* 2"  (cost=8.19..19.05 rows=347 width=25) (actual time=0.086..0.186 rows=347 loops=1)
               ->  Hash Join  (cost=8.19..15.58 rows=347 width=21) (actual time=0.086..0.159 rows=347 loops=1)
                     Hash Cond: (t1.artistid = t2.artistid)
                     ->  Seq Scan on album t1  (cost=0.00..6.47 rows=347 width=4) (actual time=0.002..0.020 rows=347 loops=1)
                     ->  Hash  (cost=4.75..4.75 rows=275 width=25) (actual time=0.071..0.072 rows=275 loops=1)
                           Buckets: 1024  Batches: 1  Memory Usage: 24kB
                           ->  Seq Scan on artist t2  (cost=0.00..4.75 rows=275 width=25) (actual time=0.005..0.026 rows=275 loops=1)
 Planning Time: 1.133 ms
 Execution Time: 0.435 ms
(13 rows)

