                                                               QUERY PLAN                                                               
----------------------------------------------------------------------------------------------------------------------------------------
 Aggregate  (cost=67.08..67.09 rows=1 width=8) (actual time=0.041..0.042 rows=1 loops=1)
   ->  Nested Loop  (cost=5.37..67.02 rows=13 width=4) (actual time=0.022..0.036 rows=48 loops=1)
         ->  Seq Scan on genre t1  (cost=0.00..13.50 rows=1 width=4) (actual time=0.005..0.006 rows=1 loops=1)
               Filter: ((name)::text = 'Pop'::text)
               Rows Removed by Filter: 24
         ->  Bitmap Heap Scan on track t2  (cost=5.37..52.12 rows=140 width=8) (actual time=0.016..0.024 rows=48 loops=1)
               Recheck Cond: (t1.genreid = genreid)
               Heap Blocks: exact=4
               ->  Bitmap Index Scan on ifk_trackgenreid  (cost=0.00..5.33 rows=140 width=0) (actual time=0.008..0.008 rows=48 loops=1)
                     Index Cond: (genreid = t1.genreid)
 Planning Time: 1.281 ms
 Execution Time: 0.092 ms
(12 rows)

