                                               QUERY PLAN                                                
---------------------------------------------------------------------------------------------------------
 Aggregate  (cost=7.34..7.35 rows=1 width=8) (actual time=0.039..0.040 rows=1 loops=1)
   ->  Seq Scan on album  (cost=0.00..6.47 rows=347 width=0) (actual time=0.005..0.023 rows=347 loops=1)
 Planning Time: 0.621 ms
 Execution Time: 0.098 ms
(4 rows)

