                                                           QUERY PLAN                                                           
--------------------------------------------------------------------------------------------------------------------------------
 Nested Loop  (cost=4.16..12.75 rows=1 width=23) (actual time=0.012..0.029 rows=2 loops=1)
   ->  Seq Scan on artist  (cost=0.00..5.44 rows=1 width=4) (actual time=0.005..0.021 rows=1 loops=1)
         Filter: ((name)::text = 'AC/DC'::text)
         Rows Removed by Filter: 274
   ->  Bitmap Heap Scan on album  (cost=4.16..7.29 rows=2 width=27) (actual time=0.005..0.006 rows=2 loops=1)
         Recheck Cond: (artistid = artist.artistid)
         Heap Blocks: exact=1
         ->  Bitmap Index Scan on ifk_albumartistid  (cost=0.00..4.16 rows=2 width=0) (actual time=0.002..0.002 rows=2 loops=1)
               Index Cond: (artistid = artist.artistid)
 Planning Time: 1.129 ms
 Execution Time: 0.057 ms
(11 rows)

