                                                 QUERY PLAN                                                  
-------------------------------------------------------------------------------------------------------------
 Hash Join  (cost=7.35..13.14 rows=1 width=21) (actual time=0.048..0.078 rows=1 loops=1)
   Hash Cond: (a.artistid = b.artistid)
   ->  Seq Scan on artist a  (cost=0.00..4.75 rows=275 width=25) (actual time=0.005..0.017 rows=275 loops=1)
   ->  Hash  (cost=7.34..7.34 rows=1 width=4) (actual time=0.032..0.032 rows=1 loops=1)
         Buckets: 1024  Batches: 1  Memory Usage: 9kB
         ->  Seq Scan on album b  (cost=0.00..7.34 rows=1 width=4) (actual time=0.007..0.029 rows=1 loops=1)
               Filter: ((title)::text = 'Balls to the Wall'::text)
               Rows Removed by Filter: 346
 Planning Time: 1.138 ms
 Execution Time: 0.103 ms
(10 rows)

