                                                QUERY PLAN                                                 
-----------------------------------------------------------------------------------------------------------
 Hash Join  (cost=7.35..13.14 rows=1 width=21) (actual time=0.049..0.079 rows=1 loops=1)
   Hash Cond: (artist.artistid = album.artistid)
   ->  Seq Scan on artist  (cost=0.00..4.75 rows=275 width=25) (actual time=0.005..0.017 rows=275 loops=1)
   ->  Hash  (cost=7.34..7.34 rows=1 width=4) (actual time=0.031..0.031 rows=1 loops=1)
         Buckets: 1024  Batches: 1  Memory Usage: 9kB
         ->  Seq Scan on album  (cost=0.00..7.34 rows=1 width=4) (actual time=0.007..0.029 rows=1 loops=1)
               Filter: ((title)::text = 'Balls to the Wall'::text)
               Rows Removed by Filter: 346
 Planning Time: 1.110 ms
 Execution Time: 0.104 ms
(10 rows)

