                                                            QUERY PLAN                                                             
-----------------------------------------------------------------------------------------------------------------------------------
 Limit  (cost=21.44..21.44 rows=1 width=29) (actual time=0.283..0.284 rows=1 loops=1)
   ->  Sort  (cost=21.44..22.13 rows=275 width=29) (actual time=0.282..0.283 rows=1 loops=1)
         Sort Key: (count(*)) DESC
         Sort Method: top-N heapsort  Memory: 25kB
         ->  HashAggregate  (cost=17.31..20.06 rows=275 width=29) (actual time=0.224..0.249 rows=204 loops=1)
               Group Key: artist.name
               Batches: 1  Memory Usage: 61kB
               ->  Hash Join  (cost=8.19..15.58 rows=347 width=21) (actual time=0.080..0.151 rows=347 loops=1)
                     Hash Cond: (album.artistid = artist.artistid)
                     ->  Seq Scan on album  (cost=0.00..6.47 rows=347 width=4) (actual time=0.004..0.021 rows=347 loops=1)
                     ->  Hash  (cost=4.75..4.75 rows=275 width=25) (actual time=0.068..0.068 rows=275 loops=1)
                           Buckets: 1024  Batches: 1  Memory Usage: 24kB
                           ->  Seq Scan on artist  (cost=0.00..4.75 rows=275 width=25) (actual time=0.003..0.024 rows=275 loops=1)
 Planning Time: 1.087 ms
 Execution Time: 0.349 ms
(15 rows)

