                                                             QUERY PLAN                                                              
-------------------------------------------------------------------------------------------------------------------------------------
 Limit  (cost=21.44..21.44 rows=1 width=29) (actual time=0.296..0.297 rows=1 loops=1)
   ->  Sort  (cost=21.44..22.13 rows=275 width=29) (actual time=0.295..0.296 rows=1 loops=1)
         Sort Key: (count(al.albumid)) DESC
         Sort Method: top-N heapsort  Memory: 25kB
         ->  HashAggregate  (cost=17.31..20.06 rows=275 width=29) (actual time=0.233..0.258 rows=204 loops=1)
               Group Key: a.name
               Batches: 1  Memory Usage: 61kB
               ->  Hash Join  (cost=8.19..15.58 rows=347 width=25) (actual time=0.081..0.156 rows=347 loops=1)
                     Hash Cond: (al.artistid = a.artistid)
                     ->  Seq Scan on album al  (cost=0.00..6.47 rows=347 width=8) (actual time=0.005..0.023 rows=347 loops=1)
                     ->  Hash  (cost=4.75..4.75 rows=275 width=25) (actual time=0.067..0.068 rows=275 loops=1)
                           Buckets: 1024  Batches: 1  Memory Usage: 24kB
                           ->  Seq Scan on artist a  (cost=0.00..4.75 rows=275 width=25) (actual time=0.003..0.024 rows=275 loops=1)
 Planning Time: 1.122 ms
 Execution Time: 0.350 ms
(15 rows)

