                                                 QUERY PLAN                                                 
------------------------------------------------------------------------------------------------------------
 Aggregate  (cost=97.55..97.56 rows=1 width=8) (actual time=0.472..0.472 rows=1 loops=1)
   ->  Seq Scan on track  (cost=0.00..80.03 rows=3503 width=4) (actual time=0.002..0.190 rows=3503 loops=1)
 Planning Time: 1.152 ms
 Execution Time: 0.534 ms
(4 rows)

