                                                      QUERY PLAN                                                      
----------------------------------------------------------------------------------------------------------------------
 HashAggregate  (cost=117.66..121.13 rows=347 width=35) (actual time=1.411..1.455 rows=347 loops=1)
   Group Key: album.albumid
   Batches: 1  Memory Usage: 93kB
   ->  Hash Join  (cost=10.81..100.14 rows=3503 width=31) (actual time=0.101..0.903 rows=3503 loops=1)
         Hash Cond: (track.albumid = album.albumid)
         ->  Seq Scan on track  (cost=0.00..80.03 rows=3503 width=8) (actual time=0.003..0.194 rows=3503 loops=1)
         ->  Hash  (cost=6.47..6.47 rows=347 width=27) (actual time=0.089..0.089 rows=347 loops=1)
               Buckets: 1024  Batches: 1  Memory Usage: 29kB
               ->  Seq Scan on album  (cost=0.00..6.47 rows=347 width=27) (actual time=0.003..0.031 rows=347 loops=1)
 Planning Time: 1.594 ms
 Execution Time: 1.524 ms
(11 rows)

