                                                                            QUERY PLAN                                                                            
------------------------------------------------------------------------------------------------------------------------------------------------------------------
 Limit  (cost=120.18..120.18 rows=1 width=270) (actual time=1.263..1.264 rows=1 loops=1)
   ->  Sort  (cost=120.18..120.88 rows=280 width=270) (actual time=1.262..1.263 rows=1 loops=1)
         Sort Key: (count(*))
         Sort Method: top-N heapsort  Memory: 25kB
         ->  HashAggregate  (cost=115.98..118.78 rows=280 width=270) (actual time=1.242..1.245 rows=5 loops=1)
               Group Key: mt.mediatypeid
               Batches: 1  Memory Usage: 37kB
               ->  Hash Join  (cost=16.58..98.47 rows=3503 width=262) (actual time=0.151..0.818 rows=3503 loops=1)
                     Hash Cond: (t.mediatypeid = mt.mediatypeid)
                     ->  Index Only Scan using ifk_trackmediatypeid on track t  (cost=0.28..72.83 rows=3503 width=4) (actual time=0.129..0.298 rows=3503 loops=1)
                           Heap Fetches: 0
                     ->  Hash  (cost=12.80..12.80 rows=280 width=262) (actual time=0.008..0.009 rows=5 loops=1)
                           Buckets: 1024  Batches: 1  Memory Usage: 9kB
                           ->  Seq Scan on mediatype mt  (cost=0.00..12.80 rows=280 width=262) (actual time=0.004..0.004 rows=5 loops=1)
 Planning Time: 1.444 ms
 Execution Time: 1.317 ms
(16 rows)

