                                                         QUERY PLAN                                                         
----------------------------------------------------------------------------------------------------------------------------
 Unique  (cost=3.88..3.89 rows=1 width=98) (actual time=0.047..0.049 rows=1 loops=1)
   ->  Sort  (cost=3.88..3.88 rows=1 width=98) (actual time=0.045..0.046 rows=1 loops=1)
         Sort Key: e.city
         Sort Method: quicksort  Memory: 25kB
         ->  Hash Join  (cost=2.75..3.87 rows=1 width=98) (actual time=0.028..0.029 rows=1 loops=1)
               Hash Cond: (e.employeeid = c.supportrepid)
               ->  Seq Scan on employee e  (cost=0.00..1.08 rows=8 width=102) (actual time=0.005..0.006 rows=8 loops=1)
               ->  Hash  (cost=2.74..2.74 rows=1 width=4) (actual time=0.013..0.014 rows=1 loops=1)
                     Buckets: 1024  Batches: 1  Memory Usage: 9kB
                     ->  Seq Scan on customer c  (cost=0.00..2.74 rows=1 width=4) (actual time=0.005..0.010 rows=1 loops=1)
                           Filter: ((postalcode)::text = '70174'::text)
                           Rows Removed by Filter: 58
 Planning Time: 1.120 ms
 Execution Time: 0.084 ms
(14 rows)

