                                                      QUERY PLAN                                                       
-----------------------------------------------------------------------------------------------------------------------
 HashAggregate  (cost=14.14..14.18 rows=4 width=19) (actual time=0.087..0.088 rows=4 loops=1)
   Group Key: c.address
   Batches: 1  Memory Usage: 24kB
   ->  Hash Join  (cost=2.79..14.07 rows=28 width=19) (actual time=0.028..0.080 rows=28 loops=1)
         Hash Cond: (i.customerid = c.customerid)
         ->  Seq Scan on invoice i  (cost=0.00..10.12 rows=412 width=4) (actual time=0.004..0.025 rows=412 loops=1)
         ->  Hash  (cost=2.74..2.74 rows=4 width=23) (actual time=0.013..0.013 rows=4 loops=1)
               Buckets: 1024  Batches: 1  Memory Usage: 9kB
               ->  Seq Scan on customer c  (cost=0.00..2.74 rows=4 width=23) (actual time=0.004..0.010 rows=4 loops=1)
                     Filter: ((country)::text = 'Germany'::text)
                     Rows Removed by Filter: 55
 Planning Time: 1.119 ms
 Execution Time: 0.132 ms
(13 rows)

