                                                     QUERY PLAN                                                     
--------------------------------------------------------------------------------------------------------------------
 Aggregate  (cost=103.00..103.01 rows=1 width=32) (actual time=0.590..0.592 rows=1 loops=1)
   ->  Hash Join  (cost=13.54..102.91 rows=38 width=4) (actual time=0.050..0.548 rows=627 loops=1)
         Hash Cond: (t.genreid = g.genreid)
         ->  Seq Scan on track t  (cost=0.00..80.03 rows=3503 width=8) (actual time=0.003..0.197 rows=3503 loops=1)
         ->  Hash  (cost=13.50..13.50 rows=3 width=4) (actual time=0.013..0.013 rows=2 loops=1)
               Buckets: 1024  Batches: 1  Memory Usage: 9kB
               ->  Seq Scan on genre g  (cost=0.00..13.50 rows=3 width=4) (actual time=0.005..0.007 rows=2 loops=1)
                     Filter: ((name)::text = ANY ('{Latin,Pop}'::text[]))
                     Rows Removed by Filter: 23
 Planning Time: 1.456 ms
 Execution Time: 0.637 ms
(11 rows)

