                                                      QUERY PLAN                                                       
-----------------------------------------------------------------------------------------------------------------------
 HashAggregate  (cost=4.45..4.75 rows=8 width=62) (actual time=0.056..0.058 rows=3 loops=1)
   Group Key: c.supportrepid, e.firstname
   Filter: (count(*) >= 10)
   Batches: 1  Memory Usage: 24kB
   ->  Hash Join  (cost=1.18..4.00 rows=59 width=62) (actual time=0.026..0.042 rows=59 loops=1)
         Hash Cond: (c.supportrepid = e.employeeid)
         ->  Seq Scan on customer c  (cost=0.00..2.59 rows=59 width=4) (actual time=0.005..0.009 rows=59 loops=1)
         ->  Hash  (cost=1.08..1.08 rows=8 width=62) (actual time=0.011..0.011 rows=8 loops=1)
               Buckets: 1024  Batches: 1  Memory Usage: 9kB
               ->  Seq Scan on employee e  (cost=0.00..1.08 rows=8 width=62) (actual time=0.006..0.007 rows=8 loops=1)
 Planning Time: 1.094 ms
 Execution Time: 0.129 ms
(12 rows)

