                                                         QUERY PLAN                                                          
-----------------------------------------------------------------------------------------------------------------------------
 Sort  (cost=26.50..26.79 rows=116 width=25) (actual time=0.287..0.289 rows=26 loops=1)
   Sort Key: artist.name
   Sort Method: quicksort  Memory: 25kB
   ->  HashAggregate  (cost=18.18..22.52 rows=116 width=25) (actual time=0.242..0.265 rows=26 loops=1)
         Group Key: artist.name, album.artistid
         Filter: (count(*) >= 3)
         Batches: 1  Memory Usage: 61kB
         Rows Removed by Filter: 178
         ->  Hash Join  (cost=8.19..15.58 rows=347 width=25) (actual time=0.084..0.159 rows=347 loops=1)
               Hash Cond: (album.artistid = artist.artistid)
               ->  Seq Scan on album  (cost=0.00..6.47 rows=347 width=4) (actual time=0.005..0.022 rows=347 loops=1)
               ->  Hash  (cost=4.75..4.75 rows=275 width=25) (actual time=0.069..0.069 rows=275 loops=1)
                     Buckets: 1024  Batches: 1  Memory Usage: 24kB
                     ->  Seq Scan on artist  (cost=0.00..4.75 rows=275 width=25) (actual time=0.003..0.025 rows=275 loops=1)
 Planning Time: 1.027 ms
 Execution Time: 0.350 ms
(16 rows)

