                                                          QUERY PLAN                                                           
-------------------------------------------------------------------------------------------------------------------------------
 Sort  (cost=23.75..23.98 rows=92 width=25) (actual time=0.277..0.279 rows=26 loops=1)
   Sort Key: a.name
   Sort Method: quicksort  Memory: 25kB
   ->  HashAggregate  (cost=17.31..20.75 rows=92 width=25) (actual time=0.229..0.251 rows=26 loops=1)
         Group Key: a.artistid
         Filter: (count(*) >= 3)
         Batches: 1  Memory Usage: 61kB
         Rows Removed by Filter: 178
         ->  Hash Join  (cost=8.19..15.58 rows=347 width=25) (actual time=0.085..0.160 rows=347 loops=1)
               Hash Cond: (b.artistid = a.artistid)
               ->  Seq Scan on album b  (cost=0.00..6.47 rows=347 width=4) (actual time=0.004..0.022 rows=347 loops=1)
               ->  Hash  (cost=4.75..4.75 rows=275 width=25) (actual time=0.070..0.070 rows=275 loops=1)
                     Buckets: 1024  Batches: 1  Memory Usage: 24kB
                     ->  Seq Scan on artist a  (cost=0.00..4.75 rows=275 width=25) (actual time=0.003..0.025 rows=275 loops=1)
 Planning Time: 1.053 ms
 Execution Time: 0.335 ms
(16 rows)

