                                             QUERY PLAN                                             
----------------------------------------------------------------------------------------------------
 Seq Scan on employee  (cost=0.00..1.10 rows=1 width=116) (actual time=0.009..0.011 rows=5 loops=1)
   Filter: ((city)::text = 'Calgary'::text)
   Rows Removed by Filter: 3
 Planning Time: 0.602 ms
 Execution Time: 0.036 ms
(5 rows)

