                                                    QUERY PLAN                                                     
-------------------------------------------------------------------------------------------------------------------
 Hash Right Join  (cost=8.19..15.58 rows=1 width=21) (actual time=0.151..0.163 rows=71 loops=1)
   Hash Cond: (al.artistid = a.artistid)
   Filter: (al.albumid IS NULL)
   Rows Removed by Filter: 347
   ->  Seq Scan on album al  (cost=0.00..6.47 rows=347 width=8) (actual time=0.002..0.019 rows=347 loops=1)
   ->  Hash  (cost=4.75..4.75 rows=275 width=25) (actual time=0.073..0.073 rows=275 loops=1)
         Buckets: 1024  Batches: 1  Memory Usage: 24kB
         ->  Seq Scan on artist a  (cost=0.00..4.75 rows=275 width=25) (actual time=0.007..0.029 rows=275 loops=1)
 Planning Time: 1.090 ms
 Execution Time: 0.193 ms
(10 rows)

