                                                               QUERY PLAN                                                               
----------------------------------------------------------------------------------------------------------------------------------------
 Aggregate  (cost=67.08..67.09 rows=1 width=8) (actual time=0.042..0.043 rows=1 loops=1)
   ->  Nested Loop  (cost=5.37..67.02 rows=13 width=4) (actual time=0.022..0.037 rows=48 loops=1)
         ->  Seq Scan on genre g  (cost=0.00..13.50 rows=1 width=4) (actual time=0.005..0.006 rows=1 loops=1)
               Filter: ((name)::text = 'Pop'::text)
               Rows Removed by Filter: 24
         ->  Bitmap Heap Scan on track t  (cost=5.37..52.12 rows=140 width=8) (actual time=0.016..0.025 rows=48 loops=1)
               Recheck Cond: (g.genreid = genreid)
               Heap Blocks: exact=4
               ->  Bitmap Index Scan on ifk_trackgenreid  (cost=0.00..5.33 rows=140 width=0) (actual time=0.008..0.008 rows=48 loops=1)
                     Index Cond: (genreid = g.genreid)
 Planning Time: 1.268 ms
 Execution Time: 0.093 ms
(12 rows)

