                                                 QUERY PLAN                                                 
------------------------------------------------------------------------------------------------------------
 HashAggregate  (cost=88.79..88.81 rows=2 width=5) (actual time=0.989..0.990 rows=2 loops=1)
   Group Key: unitprice
   Batches: 1  Memory Usage: 24kB
   ->  Seq Scan on track  (cost=0.00..80.03 rows=3503 width=5) (actual time=0.004..0.195 rows=3503 loops=1)
 Planning Time: 1.036 ms
 Execution Time: 1.048 ms
(6 rows)

