                                                       QUERY PLAN                                                       
------------------------------------------------------------------------------------------------------------------------
 Aggregate  (cost=15.58..15.59 rows=1 width=8) (actual time=0.144..0.145 rows=1 loops=1)
   ->  Hash Right Join  (cost=8.19..15.58 rows=1 width=0) (actual time=0.128..0.140 rows=71 loops=1)
         Hash Cond: (al.artistid = a.artistid)
         Filter: (al.albumid IS NULL)
         Rows Removed by Filter: 347
         ->  Seq Scan on album al  (cost=0.00..6.47 rows=347 width=8) (actual time=0.002..0.020 rows=347 loops=1)
         ->  Hash  (cost=4.75..4.75 rows=275 width=4) (actual time=0.051..0.052 rows=275 loops=1)
               Buckets: 1024  Batches: 1  Memory Usage: 18kB
               ->  Seq Scan on artist a  (cost=0.00..4.75 rows=275 width=4) (actual time=0.004..0.021 rows=275 loops=1)
 Planning Time: 1.446 ms
 Execution Time: 0.190 ms
(11 rows)

