                                             QUERY PLAN                                              
-----------------------------------------------------------------------------------------------------
 Seq Scan on artist  (cost=0.00..5.44 rows=211 width=21) (actual time=0.006..0.036 rows=201 loops=1)
   Filter: ((name)::text ~~ '%a%'::text)
   Rows Removed by Filter: 74
 Planning Time: 0.463 ms
 Execution Time: 0.068 ms
(5 rows)

