                                               QUERY PLAN                                               
--------------------------------------------------------------------------------------------------------
 Aggregate  (cost=12.78..12.79 rows=1 width=8) (actual time=0.052..0.053 rows=1 loops=1)
   InitPlan 1
     ->  Seq Scan on artist  (cost=0.00..5.44 rows=1 width=4) (actual time=0.006..0.020 rows=1 loops=1)
           Filter: ((name)::text = 'Metallica'::text)
           Rows Removed by Filter: 274
   ->  Seq Scan on album  (cost=0.00..7.34 rows=2 width=0) (actual time=0.028..0.049 rows=10 loops=1)
         Filter: (artistid = (InitPlan 1).col1)
         Rows Removed by Filter: 337
 Planning Time: 0.884 ms
 Execution Time: 0.099 ms
(10 rows)

