                                                              QUERY PLAN                                                              
--------------------------------------------------------------------------------------------------------------------------------------
 Limit  (cost=21.44..21.44 rows=1 width=33) (actual time=0.305..0.306 rows=1 loops=1)
   ->  Sort  (cost=21.44..22.13 rows=275 width=33) (actual time=0.304..0.305 rows=1 loops=1)
         Sort Key: (count(t1.albumid)) DESC
         Sort Method: top-N heapsort  Memory: 25kB
         ->  HashAggregate  (cost=17.31..20.06 rows=275 width=33) (actual time=0.232..0.261 rows=204 loops=1)
               Group Key: t2.artistid
               Batches: 1  Memory Usage: 61kB
               ->  Hash Join  (cost=8.19..15.58 rows=347 width=29) (actual time=0.082..0.159 rows=347 loops=1)
                     Hash Cond: (t1.artistid = t2.artistid)
                     ->  Seq Scan on album t1  (cost=0.00..6.47 rows=347 width=8) (actual time=0.003..0.021 rows=347 loops=1)
                     ->  Hash  (cost=4.75..4.75 rows=275 width=25) (actual time=0.069..0.070 rows=275 loops=1)
                           Buckets: 1024  Batches: 1  Memory Usage: 24kB
                           ->  Seq Scan on artist t2  (cost=0.00..4.75 rows=275 width=25) (actual time=0.003..0.024 rows=275 loops=1)
 Planning Time: 1.050 ms
 Execution Time: 0.363 ms
(15 rows)

