                                                              QUERY PLAN                                                              
--------------------------------------------------------------------------------------------------------------------------------------
 Limit  (cost=126.18..126.19 rows=1 width=266) (actual time=1.298..1.299 rows=1 loops=1)
   ->  Sort  (cost=126.18..126.68 rows=200 width=266) (actual time=1.297..1.298 rows=1 loops=1)
         Sort Key: (count(t2.trackid)) DESC
         Sort Method: top-N heapsort  Memory: 25kB
         ->  HashAggregate  (cost=123.18..125.18 rows=200 width=266) (actual time=1.276..1.281 rows=25 loops=1)
               Group Key: t1.name
               Batches: 1  Memory Usage: 40kB
               ->  Hash Join  (cost=16.30..105.67 rows=3503 width=262) (actual time=0.022..0.785 rows=3503 loops=1)
                     Hash Cond: (t2.genreid = t1.genreid)
                     ->  Seq Scan on track t2  (cost=0.00..80.03 rows=3503 width=8) (actual time=0.004..0.181 rows=3503 loops=1)
                     ->  Hash  (cost=12.80..12.80 rows=280 width=262) (actual time=0.010..0.011 rows=25 loops=1)
                           Buckets: 1024  Batches: 1  Memory Usage: 10kB
                           ->  Seq Scan on genre t1  (cost=0.00..12.80 rows=280 width=262) (actual time=0.002..0.004 rows=25 loops=1)
 Planning Time: 1.267 ms
 Execution Time: 1.360 ms
(15 rows)

