                                                       QUERY PLAN                                                        
-------------------------------------------------------------------------------------------------------------------------
 HashAggregate  (cost=101.23..103.36 rows=213 width=27) (actual time=0.589..0.592 rows=12 loops=1)
   Group Key: t1.title, t1.albumid
   Batches: 1  Memory Usage: 40kB
   ->  Hash Join  (cost=10.81..100.17 rows=213 width=27) (actual time=0.433..0.552 rows=213 loops=1)
         Hash Cond: (t2.albumid = t1.albumid)
         ->  Seq Scan on track t2  (cost=0.00..88.79 rows=213 width=4) (actual time=0.338..0.425 rows=213 loops=1)
               Filter: (unitprice > '1'::numeric)
               Rows Removed by Filter: 3290
         ->  Hash  (cost=6.47..6.47 rows=347 width=27) (actual time=0.086..0.086 rows=347 loops=1)
               Buckets: 1024  Batches: 1  Memory Usage: 29kB
               ->  Seq Scan on album t1  (cost=0.00..6.47 rows=347 width=27) (actual time=0.003..0.031 rows=347 loops=1)
 Planning Time: 1.575 ms
 Execution Time: 0.632 ms
(13 rows)

