                                                            QUERY PLAN                                                             
-----------------------------------------------------------------------------------------------------------------------------------
 Aggregate  (cost=65.97..65.98 rows=1 width=32) (actual time=0.075..0.076 rows=1 loops=1)
   InitPlan 1
     ->  Seq Scan on genre  (cost=0.00..13.50 rows=1 width=4) (actual time=0.004..0.006 rows=1 loops=1)
           Filter: ((name)::text = 'Jazz'::text)
           Rows Removed by Filter: 24
   ->  Bitmap Heap Scan on track  (cost=5.37..52.12 rows=140 width=5) (actual time=0.022..0.051 rows=130 loops=1)
         Recheck Cond: (genreid = (InitPlan 1).col1)
         Heap Blocks: exact=13
         ->  Bitmap Index Scan on ifk_trackgenreid  (cost=0.00..5.33 rows=140 width=0) (actual time=0.016..0.016 rows=130 loops=1)
               Index Cond: (genreid = (InitPlan 1).col1)
 Planning Time: 1.166 ms
 Execution Time: 0.125 ms
(12 rows)

