                                                                       QUERY PLAN                                                                        
---------------------------------------------------------------------------------------------------------------------------------------------------------
 Unique  (cost=11.58..11.60 rows=4 width=19) (actual time=0.036..0.038 rows=4 loops=1)
   ->  Sort  (cost=11.58..11.59 rows=4 width=19) (actual time=0.035..0.036 rows=4 loops=1)
         Sort Key: t1.address
         Sort Method: quicksort  Memory: 25kB
         ->  Nested Loop Semi Join  (cost=0.15..11.54 rows=4 width=19) (actual time=0.011..0.021 rows=4 loops=1)
               ->  Seq Scan on customer t1  (cost=0.00..2.74 rows=4 width=23) (actual time=0.004..0.010 rows=4 loops=1)
                     Filter: ((country)::text = 'Germany'::text)
                     Rows Removed by Filter: 55
               ->  Index Only Scan using ifk_invoicecustomerid on invoice t2  (cost=0.15..8.27 rows=7 width=4) (actual time=0.002..0.002 rows=1 loops=4)
                     Index Cond: (customerid = t1.customerid)
                     Heap Fetches: 4
 Planning Time: 1.149 ms
 Execution Time: 0.070 ms
(13 rows)

