                                            QUERY PLAN                                             
---------------------------------------------------------------------------------------------------
 Seq Scan on employee  (cost=0.00..1.08 rows=8 width=66) (actual time=0.008..0.010 rows=8 loops=1)
 Planning Time: 0.484 ms
 Execution Time: 0.030 ms
(3 rows)

