                                            QUERY PLAN                                             
---------------------------------------------------------------------------------------------------
 Seq Scan on employee  (cost=0.00..1.08 rows=8 width=66) (actual time=0.007..0.008 rows=8 loops=1)
 Planning Time: 0.488 ms
 Execution Time: 0.029 ms
(3 rows)

