                                                                  QUERY PLAN                                                                  
----------------------------------------------------------------------------------------------------------------------------------------------
 Aggregate  (cost=35.80..35.81 rows=1 width=8) (actual time=0.138..0.138 rows=1 loops=1)
   InitPlan 1
     ->  Seq Scan on mediatype  (cost=0.00..13.50 rows=1 width=4) (actual time=0.004..0.005 rows=1 loops=1)
           Filter: ((name)::text = 'AAC audio file'::text)
           Rows Removed by Filter: 4
   ->  Index Only Scan using ifk_trackmediatypeid on track t2  (cost=0.28..20.55 rows=701 width=0) (actual time=0.134..0.135 rows=11 loops=1)
         Index Cond: (mediatypeid = (InitPlan 1).col1)
         Heap Fetches: 0
 Planning Time: 1.108 ms
 Execution Time: 0.192 ms
(10 rows)

