                                                            QUERY PLAN                                                            
----------------------------------------------------------------------------------------------------------------------------------
 Aggregate  (cost=66.31..66.33 rows=1 width=8) (actual time=0.039..0.039 rows=1 loops=1)
   InitPlan 1
     ->  Seq Scan on genre  (cost=0.00..13.50 rows=1 width=4) (actual time=0.005..0.006 rows=1 loops=1)
           Filter: ((name)::text = 'Pop'::text)
           Rows Removed by Filter: 24
   ->  Bitmap Heap Scan on track t2  (cost=5.37..52.12 rows=140 width=4) (actual time=0.022..0.032 rows=48 loops=1)
         Recheck Cond: (genreid = (InitPlan 1).col1)
         Heap Blocks: exact=4
         ->  Bitmap Index Scan on ifk_trackgenreid  (cost=0.00..5.33 rows=140 width=0) (actual time=0.014..0.014 rows=48 loops=1)
               Index Cond: (genreid = (InitPlan 1).col1)
 Planning Time: 1.200 ms
 Execution Time: 0.098 ms
(12 rows)

