                                                      QUERY PLAN                                                      
----------------------------------------------------------------------------------------------------------------------
 Aggregate  (cost=18.61..18.62 rows=1 width=8) (actual time=0.134..0.135 rows=1 loops=1)
   ->  Hash Right Anti Join  (cost=8.19..18.43 rows=71 width=0) (actual time=0.120..0.130 rows=71 loops=1)
         Hash Cond: (album.artistid = artist.artistid)
         ->  Seq Scan on album  (cost=0.00..6.47 rows=347 width=4) (actual time=0.003..0.022 rows=347 loops=1)
         ->  Hash  (cost=4.75..4.75 rows=275 width=4) (actual time=0.051..0.051 rows=275 loops=1)
               Buckets: 1024  Batches: 1  Memory Usage: 18kB
               ->  Seq Scan on artist  (cost=0.00..4.75 rows=275 width=4) (actual time=0.005..0.022 rows=275 loops=1)
 Planning Time: 1.038 ms
 Execution Time: 0.185 ms
(9 rows)

