                                                 QUERY PLAN                                                 
------------------------------------------------------------------------------------------------------------
 HashAggregate  (cost=11.15..11.39 rows=24 width=7) (actual time=0.106..0.109 rows=24 loops=1)
   Group Key: billingcountry
   Batches: 1  Memory Usage: 24kB
   ->  Seq Scan on invoice  (cost=0.00..10.12 rows=412 width=7) (actual time=0.006..0.031 rows=412 loops=1)
 Planning Time: 0.562 ms
 Execution Time: 0.163 ms
(6 rows)

